{"uid":"baedb319be9ccf95","name":"checkWebDriverPrivacy","fullName":"tests.SwapTest.checkWebDriverPrivacy","historyId":"7843374125c72231178c11925cc6ed65","time":{"start":1750806087276,"stop":1750806087277,"duration":1},"status":"skipped","statusMessage":"Could not start a new session. Response code 500. Message: unknown error: DevToolsActivePort file doesn't exist\nBuild info: version: '3.141.59', revision: 'e82be7d358', time: '2018-11-14T08:25:53'\nSystem info: host: 'b23f2294b360', ip: '172.17.0.2', os.name: 'Linux', os.arch: 'amd64', os.version: '6.11.0-1015-azure', java.version: '1.8.0_292'\nDriver info: driver.version: unknown\nremote stacktrace: #0 0x56473fb628f3 <unknown>\n#1 0x56473f647ba8 <unknown>\n#2 0x56473f66da72 <unknown>\n#3 0x56473f66a036 <unknown>\n#4 0x56473f6669ef <unknown>\n#5 0x56473f6a0995 <unknown>\n#6 0x56473f69ad63 <unknown>\n#7 0x56473f671144 <unknown>\n#8 0x56473f672135 <unknown>\n#9 0x56473fb91c3e <unknown>\n#10 0x56473fba76b7 <unknown>\n#11 0x56473fb92b95 <unknown>\n#12 0x56473fba8b05 <unknown>\n#13 0x56473fb872ab <unknown>\n#14 0x56473fbc3248 <unknown>\n#15 0x56473fbc33c8 <unknown>\n#16 0x56473fbde33d <unknown>\n#17 0x7f46586c8609 start_thread\n \nHost info: host: 'fv-az1319-328', ip: '10.1.0.162'\nBuild info: version: '4.33.0', revision: '2c6aaad03a'\nSystem info: os.name: 'Linux', os.arch: 'amd64', os.version: '6.11.0-1015-azure', java.version: '17.0.15'\nDriver info: org.openqa.selenium.remote.RemoteWebDriver\nCommand: [null, newSession {capabilities=[Capabilities {browserName: chrome, goog:chromeOptions: {args: [--disable-extensions-except..., --load-extension=/home/runn..., --disable-blink-features=Au...], excludeSwitches: [enable-automation], extensions: []}}]}]\nCapabilities {browserName: chrome, goog:chromeOptions: {args: [--disable-extensions-except..., --load-extension=/home/runn..., --disable-blink-features=Au...], excludeSwitches: [enable-automation], extensions: []}}","statusTrace":"org.openqa.selenium.SessionNotCreatedException: Could not start a new session. Response code 500. Message: unknown error: DevToolsActivePort file doesn't exist\nBuild info: version: '3.141.59', revision: 'e82be7d358', time: '2018-11-14T08:25:53'\nSystem info: host: 'b23f2294b360', ip: '172.17.0.2', os.name: 'Linux', os.arch: 'amd64', os.version: '6.11.0-1015-azure', java.version: '1.8.0_292'\nDriver info: driver.version: unknown\nremote stacktrace: #0 0x56473fb628f3 <unknown>\n#1 0x56473f647ba8 <unknown>\n#2 0x56473f66da72 <unknown>\n#3 0x56473f66a036 <unknown>\n#4 0x56473f6669ef <unknown>\n#5 0x56473f6a0995 <unknown>\n#6 0x56473f69ad63 <unknown>\n#7 0x56473f671144 <unknown>\n#8 0x56473f672135 <unknown>\n#9 0x56473fb91c3e <unknown>\n#10 0x56473fba76b7 <unknown>\n#11 0x56473fb92b95 <unknown>\n#12 0x56473fba8b05 <unknown>\n#13 0x56473fb872ab <unknown>\n#14 0x56473fbc3248 <unknown>\n#15 0x56473fbc33c8 <unknown>\n#16 0x56473fbde33d <unknown>\n#17 0x7f46586c8609 start_thread\n \nHost info: host: 'fv-az1319-328', ip: '10.1.0.162'\nBuild info: version: '4.33.0', revision: '2c6aaad03a'\nSystem info: os.name: 'Linux', os.arch: 'amd64', os.version: '6.11.0-1015-azure', java.version: '17.0.15'\nDriver info: org.openqa.selenium.remote.RemoteWebDriver\nCommand: [null, newSession {capabilities=[Capabilities {browserName: chrome, goog:chromeOptions: {args: [--disable-extensions-except..., --load-extension=/home/runn..., --disable-blink-features=Au...], excludeSwitches: [enable-automation], extensions: []}}]}]\nCapabilities {browserName: chrome, goog:chromeOptions: {args: [--disable-extensions-except..., --load-extension=/home/runn..., --disable-blink-features=Au...], excludeSwitches: [enable-automation], extensions: []}}\n\tat org.openqa.selenium.remote.ProtocolHandshake.createSession(ProtocolHandshake.java:114)\n\tat org.openqa.selenium.remote.ProtocolHandshake.createSession(ProtocolHandshake.java:75)\n\tat org.openqa.selenium.remote.ProtocolHandshake.createSession(ProtocolHandshake.java:61)\n\tat org.openqa.selenium.remote.HttpCommandExecutor.execute(HttpCommandExecutor.java:187)\n\tat org.openqa.selenium.remote.TracedCommandExecutor.execute(TracedCommandExecutor.java:53)\n\tat org.openqa.selenium.remote.RemoteWebDriver.execute(RemoteWebDriver.java:544)\n\tat org.openqa.selenium.remote.RemoteWebDriver.startSession(RemoteWebDriver.java:244)\n\tat org.openqa.selenium.remote.RemoteWebDriver.<init>(RemoteWebDriver.java:173)\n\tat org.openqa.selenium.remote.RemoteWebDriver.<init>(RemoteWebDriver.java:151)\n\tat tests.BaseTest.setup(BaseTest.java:48)\n\tat java.base/jdk.internal.reflect.NativeMethodAccessorImpl.invoke0(Native Method)\n\tat java.base/jdk.internal.reflect.NativeMethodAccessorImpl.invoke(NativeMethodAccessorImpl.java:77)\n\tat java.base/jdk.internal.reflect.DelegatingMethodAccessorImpl.invoke(DelegatingMethodAccessorImpl.java:43)\n\tat java.base/java.lang.reflect.Method.invoke(Method.java:569)\n\tat org.testng.internal.invokers.MethodInvocationHelper.invokeMethod(MethodInvocationHelper.java:141)\n\tat org.testng.internal.invokers.MethodInvocationHelper.invokeMethodConsideringTimeout(MethodInvocationHelper.java:71)\n\tat org.testng.internal.invokers.ConfigInvoker.invokeConfigurationMethod(ConfigInvoker.java:400)\n\tat org.testng.internal.invokers.ConfigInvoker.invokeConfigurations(ConfigInvoker.java:333)\n\tat org.testng.internal.invokers.TestInvoker.runConfigMethods(TestInvoker.java:836)\n\tat org.testng.internal.invokers.TestInvoker.invokeMethod(TestInvoker.java:601)\n\tat org.testng.internal.invokers.TestInvoker.invokeTestMethod(TestInvoker.java:230)\n\tat org.testng.internal.invokers.MethodRunner.runInSequence(MethodRunner.java:63)\n\tat org.testng.internal.invokers.TestInvoker$MethodInvocationAgent.invoke(TestInvoker.java:995)\n\tat org.testng.internal.invokers.TestInvoker.invokeTestMethods(TestInvoker.java:203)\n\tat org.testng.internal.invokers.TestMethodWorker.invokeTestMethods(TestMethodWorker.java:154)\n\tat org.testng.internal.invokers.TestMethodWorker.run(TestMethodWorker.java:134)\n\tat java.base/java.util.ArrayList.forEach(ArrayList.java:1511)\n\tat org.testng.TestRunner.privateRun(TestRunner.java:741)\n\tat org.testng.TestRunner.run(TestRunner.java:616)\n\tat org.testng.SuiteRunner.runTest(SuiteRunner.java:421)\n\tat org.testng.SuiteRunner.runSequentially(SuiteRunner.java:413)\n\tat org.testng.SuiteRunner.privateRun(SuiteRunner.java:373)\n\tat org.testng.SuiteRunner.run(SuiteRunner.java:312)\n\tat org.testng.SuiteRunnerWorker.runSuite(SuiteRunnerWorker.java:52)\n\tat org.testng.SuiteRunnerWorker.run(SuiteRunnerWorker.java:95)\n\tat org.testng.TestNG.runSuitesSequentially(TestNG.java:1274)\n\tat org.testng.TestNG.runSuitesLocally(TestNG.java:1208)\n\tat org.testng.TestNG.runSuites(TestNG.java:1112)\n\tat org.testng.TestNG.run(TestNG.java:1079)\n\tat org.apache.maven.surefire.testng.TestNGExecutor.run(TestNGExecutor.java:155)\n\tat org.apache.maven.surefire.testng.TestNGDirectoryTestSuite.executeMulti(TestNGDirectoryTestSuite.java:169)\n\tat org.apache.maven.surefire.testng.TestNGDirectoryTestSuite.execute(TestNGDirectoryTestSuite.java:88)\n\tat org.apache.maven.surefire.testng.TestNGProvider.invoke(TestNGProvider.java:137)\n\tat org.apache.maven.surefire.booter.ForkedBooter.runSuitesInProcess(ForkedBooter.java:385)\n\tat org.apache.maven.surefire.booter.ForkedBooter.execute(ForkedBooter.java:162)\n\tat org.apache.maven.surefire.booter.ForkedBooter.run(ForkedBooter.java:507)\n\tat org.apache.maven.surefire.booter.ForkedBooter.main(ForkedBooter.java:495)\n","flaky":false,"newFailed":false,"newBroken":false,"newPassed":false,"retriesCount":0,"retriesStatusChange":false,"beforeStages":[{"name":"setup","time":{"start":1750806027143,"stop":1750806087268,"duration":60125},"description":"","status":"broken","statusMessage":"Could not start a new session. Response code 500. Message: unknown error: DevToolsActivePort file doesn't exist\nBuild info: version: '3.141.59', revision: 'e82be7d358', time: '2018-11-14T08:25:53'\nSystem info: host: 'b23f2294b360', ip: '172.17.0.2', os.name: 'Linux', os.arch: 'amd64', os.version: '6.11.0-1015-azure', java.version: '1.8.0_292'\nDriver info: driver.version: unknown\nremote stacktrace: #0 0x56473fb628f3 <unknown>\n#1 0x56473f647ba8 <unknown>\n#2 0x56473f66da72 <unknown>\n#3 0x56473f66a036 <unknown>\n#4 0x56473f6669ef <unknown>\n#5 0x56473f6a0995 <unknown>\n#6 0x56473f69ad63 <unknown>\n#7 0x56473f671144 <unknown>\n#8 0x56473f672135 <unknown>\n#9 0x56473fb91c3e <unknown>\n#10 0x56473fba76b7 <unknown>\n#11 0x56473fb92b95 <unknown>\n#12 0x56473fba8b05 <unknown>\n#13 0x56473fb872ab <unknown>\n#14 0x56473fbc3248 <unknown>\n#15 0x56473fbc33c8 <unknown>\n#16 0x56473fbde33d <unknown>\n#17 0x7f46586c8609 start_thread\n \nHost info: host: 'fv-az1319-328', ip: '10.1.0.162'\nBuild info: version: '4.33.0', revision: '2c6aaad03a'\nSystem info: os.name: 'Linux', os.arch: 'amd64', os.version: '6.11.0-1015-azure', java.version: '17.0.15'\nDriver info: org.openqa.selenium.remote.RemoteWebDriver\nCommand: [null, newSession {capabilities=[Capabilities {browserName: chrome, goog:chromeOptions: {args: [--disable-extensions-except..., --load-extension=/home/runn..., --disable-blink-features=Au...], excludeSwitches: [enable-automation], extensions: []}}]}]\nCapabilities {browserName: chrome, goog:chromeOptions: {args: [--disable-extensions-except..., --load-extension=/home/runn..., --disable-blink-features=Au...], excludeSwitches: [enable-automation], extensions: []}}","statusTrace":"org.openqa.selenium.SessionNotCreatedException: Could not start a new session. Response code 500. Message: unknown error: DevToolsActivePort file doesn't exist\nBuild info: version: '3.141.59', revision: 'e82be7d358', time: '2018-11-14T08:25:53'\nSystem info: host: 'b23f2294b360', ip: '172.17.0.2', os.name: 'Linux', os.arch: 'amd64', os.version: '6.11.0-1015-azure', java.version: '1.8.0_292'\nDriver info: driver.version: unknown\nremote stacktrace: #0 0x56473fb628f3 <unknown>\n#1 0x56473f647ba8 <unknown>\n#2 0x56473f66da72 <unknown>\n#3 0x56473f66a036 <unknown>\n#4 0x56473f6669ef <unknown>\n#5 0x56473f6a0995 <unknown>\n#6 0x56473f69ad63 <unknown>\n#7 0x56473f671144 <unknown>\n#8 0x56473f672135 <unknown>\n#9 0x56473fb91c3e <unknown>\n#10 0x56473fba76b7 <unknown>\n#11 0x56473fb92b95 <unknown>\n#12 0x56473fba8b05 <unknown>\n#13 0x56473fb872ab <unknown>\n#14 0x56473fbc3248 <unknown>\n#15 0x56473fbc33c8 <unknown>\n#16 0x56473fbde33d <unknown>\n#17 0x7f46586c8609 start_thread\n \nHost info: host: 'fv-az1319-328', ip: '10.1.0.162'\nBuild info: version: '4.33.0', revision: '2c6aaad03a'\nSystem info: os.name: 'Linux', os.arch: 'amd64', os.version: '6.11.0-1015-azure', java.version: '17.0.15'\nDriver info: org.openqa.selenium.remote.RemoteWebDriver\nCommand: [null, newSession {capabilities=[Capabilities {browserName: chrome, goog:chromeOptions: {args: [--disable-extensions-except..., --load-extension=/home/runn..., --disable-blink-features=Au...], excludeSwitches: [enable-automation], extensions: []}}]}]\nCapabilities {browserName: chrome, goog:chromeOptions: {args: [--disable-extensions-except..., --load-extension=/home/runn..., --disable-blink-features=Au...], excludeSwitches: [enable-automation], extensions: []}}\n\tat org.openqa.selenium.remote.ProtocolHandshake.createSession(ProtocolHandshake.java:114)\n\tat org.openqa.selenium.remote.ProtocolHandshake.createSession(ProtocolHandshake.java:75)\n\tat org.openqa.selenium.remote.ProtocolHandshake.createSession(ProtocolHandshake.java:61)\n\tat org.openqa.selenium.remote.HttpCommandExecutor.execute(HttpCommandExecutor.java:187)\n\tat org.openqa.selenium.remote.TracedCommandExecutor.execute(TracedCommandExecutor.java:53)\n\tat org.openqa.selenium.remote.RemoteWebDriver.execute(RemoteWebDriver.java:544)\n\tat org.openqa.selenium.remote.RemoteWebDriver.startSession(RemoteWebDriver.java:244)\n\tat org.openqa.selenium.remote.RemoteWebDriver.<init>(RemoteWebDriver.java:173)\n\tat org.openqa.selenium.remote.RemoteWebDriver.<init>(RemoteWebDriver.java:151)\n\tat tests.BaseTest.setup(BaseTest.java:48)\n\tat java.base/jdk.internal.reflect.NativeMethodAccessorImpl.invoke0(Native Method)\n\tat java.base/jdk.internal.reflect.NativeMethodAccessorImpl.invoke(NativeMethodAccessorImpl.java:77)\n\tat java.base/jdk.internal.reflect.DelegatingMethodAccessorImpl.invoke(DelegatingMethodAccessorImpl.java:43)\n\tat java.base/java.lang.reflect.Method.invoke(Method.java:569)\n\tat org.testng.internal.invokers.MethodInvocationHelper.invokeMethod(MethodInvocationHelper.java:141)\n\tat org.testng.internal.invokers.MethodInvocationHelper.invokeMethodConsideringTimeout(MethodInvocationHelper.java:71)\n\tat org.testng.internal.invokers.ConfigInvoker.invokeConfigurationMethod(ConfigInvoker.java:400)\n\tat org.testng.internal.invokers.ConfigInvoker.invokeConfigurations(ConfigInvoker.java:333)\n\tat org.testng.internal.invokers.TestInvoker.runConfigMethods(TestInvoker.java:836)\n\tat org.testng.internal.invokers.TestInvoker.invokeMethod(TestInvoker.java:601)\n\tat org.testng.internal.invokers.TestInvoker.invokeTestMethod(TestInvoker.java:230)\n\tat org.testng.internal.invokers.MethodRunner.runInSequence(MethodRunner.java:63)\n\tat org.testng.internal.invokers.TestInvoker$MethodInvocationAgent.invoke(TestInvoker.java:995)\n\tat org.testng.internal.invokers.TestInvoker.invokeTestMethods(TestInvoker.java:203)\n\tat org.testng.internal.invokers.TestMethodWorker.invokeTestMethods(TestMethodWorker.java:154)\n\tat org.testng.internal.invokers.TestMethodWorker.run(TestMethodWorker.java:134)\n\tat java.base/java.util.ArrayList.forEach(ArrayList.java:1511)\n\tat org.testng.TestRunner.privateRun(TestRunner.java:741)\n\tat org.testng.TestRunner.run(TestRunner.java:616)\n\tat org.testng.SuiteRunner.runTest(SuiteRunner.java:421)\n\tat org.testng.SuiteRunner.runSequentially(SuiteRunner.java:413)\n\tat org.testng.SuiteRunner.privateRun(SuiteRunner.java:373)\n\tat org.testng.SuiteRunner.run(SuiteRunner.java:312)\n\tat org.testng.SuiteRunnerWorker.runSuite(SuiteRunnerWorker.java:52)\n\tat org.testng.SuiteRunnerWorker.run(SuiteRunnerWorker.java:95)\n\tat org.testng.TestNG.runSuitesSequentially(TestNG.java:1274)\n\tat org.testng.TestNG.runSuitesLocally(TestNG.java:1208)\n\tat org.testng.TestNG.runSuites(TestNG.java:1112)\n\tat org.testng.TestNG.run(TestNG.java:1079)\n\tat org.apache.maven.surefire.testng.TestNGExecutor.run(TestNGExecutor.java:155)\n\tat org.apache.maven.surefire.testng.TestNGDirectoryTestSuite.executeMulti(TestNGDirectoryTestSuite.java:169)\n\tat org.apache.maven.surefire.testng.TestNGDirectoryTestSuite.execute(TestNGDirectoryTestSuite.java:88)\n\tat org.apache.maven.surefire.testng.TestNGProvider.invoke(TestNGProvider.java:137)\n\tat org.apache.maven.surefire.booter.ForkedBooter.runSuitesInProcess(ForkedBooter.java:385)\n\tat org.apache.maven.surefire.booter.ForkedBooter.execute(ForkedBooter.java:162)\n\tat org.apache.maven.surefire.booter.ForkedBooter.run(ForkedBooter.java:507)\n\tat org.apache.maven.surefire.booter.ForkedBooter.main(ForkedBooter.java:495)\n","steps":[],"attachments":[],"parameters":[],"shouldDisplayMessage":true,"stepsCount":0,"attachmentsCount":0,"hasContent":true,"attachmentStep":false}],"afterStages":[{"name":"tearDown","time":{"start":1750806087279,"stop":1750806087279,"duration":0},"description":"","status":"passed","steps":[],"attachments":[],"parameters":[],"shouldDisplayMessage":false,"stepsCount":0,"attachmentsCount":0,"hasContent":false,"attachmentStep":false}],"labels":[{"name":"package","value":"tests.SwapTest"},{"name":"testClass","value":"tests.SwapTest"},{"name":"testMethod","value":"checkWebDriverPrivacy"},{"name":"parentSuite","value":"Surefire suite"},{"name":"suite","value":"Surefire test"},{"name":"subSuite","value":"tests.SwapTest"},{"name":"host","value":"fv-az1319-328"},{"name":"thread","value":"4899@fv-az1319-328.main(1)"},{"name":"framework","value":"testng"},{"name":"language","value":"java"},{"name":"resultFormat","value":"allure2"}],"parameters":[],"links":[],"hidden":false,"retry":false,"extra":{"severity":"normal","retries":[],"categories":[],"history":{"statistic":{"failed":0,"broken":0,"skipped":5,"passed":9,"unknown":0,"total":14},"items":[{"uid":"9cc674096a1acfb6","reportUrl":"https://Aloshya-QA.github.io/AtlantisDapp/22//#testresult/9cc674096a1acfb6","status":"skipped","statusDetails":"Could not start a new session. Possible causes are invalid address of the remote server or browser start-up failure. \nHost info: host: 'fv-az2234-212', ip: '10.1.0.33'","time":{"start":1750805548221,"stop":1750805548222,"duration":1}},{"uid":"fab9d04c4bcc4577","reportUrl":"https://Aloshya-QA.github.io/AtlantisDapp/21//#testresult/fab9d04c4bcc4577","status":"skipped","statusDetails":"Could not start a new session. Possible causes are invalid address of the remote server or browser start-up failure. \nHost info: host: 'fv-az1392-180', ip: '10.1.0.141'","time":{"start":1750805041552,"stop":1750805041553,"duration":1}},{"uid":"e101095060481a26","reportUrl":"https://Aloshya-QA.github.io/AtlantisDapp/19//#testresult/e101095060481a26","status":"skipped","statusDetails":"Can't connect to X11 window server using ':99' as the value of the DISPLAY variable.","time":{"start":1750803801706,"stop":1750803801706,"duration":0}},{"uid":"dea06655b84940f","reportUrl":"https://Aloshya-QA.github.io/AtlantisDapp/18//#testresult/dea06655b84940f","status":"passed","time":{"start":1750802359426,"stop":1750802359850,"duration":424}},{"uid":"cfd185e96231421d","reportUrl":"https://Aloshya-QA.github.io/AtlantisDapp/16//#testresult/cfd185e96231421d","status":"passed","time":{"start":1750801413160,"stop":1750801413583,"duration":423}},{"uid":"c8d1c2d0cd8d86e3","reportUrl":"https://Aloshya-QA.github.io/AtlantisDapp/15//#testresult/c8d1c2d0cd8d86e3","status":"passed","time":{"start":1750801143864,"stop":1750801144518,"duration":654}},{"uid":"6abad267068e26f5","reportUrl":"https://Aloshya-QA.github.io/AtlantisDapp/14//#testresult/6abad267068e26f5","status":"passed","time":{"start":1750800824847,"stop":1750800825356,"duration":509}},{"uid":"29f867f78ce1be24","reportUrl":"https://Aloshya-QA.github.io/AtlantisDapp/13//#testresult/29f867f78ce1be24","status":"passed","time":{"start":1750800436223,"stop":1750800436699,"duration":476}},{"uid":"ccc5dd4112069192","reportUrl":"https://Aloshya-QA.github.io/AtlantisDapp/12//#testresult/ccc5dd4112069192","status":"passed","time":{"start":1750800195413,"stop":1750800196055,"duration":642}},{"uid":"d374ca0062c20ce3","reportUrl":"https://Aloshya-QA.github.io/AtlantisDapp/6//#testresult/d374ca0062c20ce3","status":"passed","time":{"start":1750797189202,"stop":1750797189811,"duration":609}},{"uid":"79bedd9e6aa744c","reportUrl":"https://Aloshya-QA.github.io/AtlantisDapp/4//#testresult/79bedd9e6aa744c","status":"passed","time":{"start":1750796733356,"stop":1750796733813,"duration":457}},{"uid":"a23d9960fb4e5534","reportUrl":"https://Aloshya-QA.github.io/AtlantisDapp/3//#testresult/a23d9960fb4e5534","status":"passed","time":{"start":1750794844284,"stop":1750794844728,"duration":444}},{"uid":"6e57a31cf54bfce3","reportUrl":"https://Aloshya-QA.github.io/AtlantisDapp/2//#testresult/6e57a31cf54bfce3","status":"skipped","statusDetails":"unknown error: JavaScript code failed\nfrom unknown command: 'Runtime.evaluate' wasn't found\n  (Session info: chrome=137.0.7151.103)\nBuild info: version: '4.32.0', revision: 'd17c8aa950'\nSystem info: os.name: 'Linux', os.arch: 'amd64', os.version: '6.11.0-1015-azure', java.version: '17.0.15'\nDriver info: org.openqa.selenium.chrome.ChromeDriver\nCommand: [dd275baf35b2ecc063d042a4ed488acf, maximizeCurrentWindow {}]\nCapabilities {acceptInsecureCerts: false, browserName: chrome, browserVersion: 137.0.7151.103, chrome: {chromedriverVersion: 137.0.7151.70 (dfa4dc56b2ab..., userDataDir: /tmp/.org.chromium.Chromium...}, fedcm:accounts: true, goog:chromeOptions: {debuggerAddress: localhost:37541}, networkConnectionEnabled: false, pageLoadStrategy: normal, platformName: linux, proxy: Proxy(), se:cdp: ws://localhost:37541/devtoo..., se:cdpVersion: 137.0.7151.103, setWindowRect: true, strictFileInteractability: false, timeouts: {implicit: 0, pageLoad: 300000, script: 30000}, unhandledPromptBehavior: dismiss and notify, webauthn:extension:credBlob: true, webauthn:extension:largeBlob: true, webauthn:extension:minPinLength: true, webauthn:extension:prf: true, webauthn:virtualAuthenticators: true}\nSession ID: dd275baf35b2ecc063d042a4ed488acf","time":{"start":1750794114961,"stop":1750794114962,"duration":1}}]},"tags":[]},"source":"baedb319be9ccf95.json","parameterValues":[]}